Tianshijie1/build/outputs/logs/manifest-merger-debug-report.txt
-- Merging decision tree log ---
manifest
ADDED from Work\Tianshijie1\AndroidManifest.xml:2:1-256:12
	package
		ADDED from Work\Tianshijie1\AndroidManifest.xml:3:5-38
	android:versionName
		ADDED from Work\Tianshijie1\AndroidManifest.xml:5:5-32
	android:versionCode
		ADDED from Work\Tianshijie1\AndroidManifest.xml:4:5-28
		INJECTED from Work\Tianshijie1\AndroidManifest.xml
		INJECTED from Work\Tianshijie1\AndroidManifest.xml
	xmlns:android
		ADDED from Work\Tianshijie1\AndroidManifest.xml:2:11-69
uses-sdk
ADDED from Work\Tianshijie1\AndroidManifest.xml:7:5-9:41
MERGED from [Work:SlidingMenuLib:unspecified] AndroidManifest.xml:7:5-9:41
MERGED from [Work:actionbarsherlock:unspecified] AndroidManifest.xml:7:5-9:41
	android:targetSdkVersion
		ADDED from Work\Tianshijie1\AndroidManifest.xml:9:9-38
	android:minSdkVersion
		ADDED from Work\Tianshijie1\AndroidManifest.xml:8:9-35
uses-permission#android.permission.INTERNET
ADDED from Work\Tianshijie1\AndroidManifest.xml:11:5-67
	android:name
		ADDED from Work\Tianshijie1\AndroidManifest.xml:11:22-64
uses-permission#android.permission.ACCESS_NETWORK_STATE
ADDED from Work\Tianshijie1\AndroidManifest.xml:14:5-79
	android:name
		ADDED from Work\Tianshijie1\AndroidManifest.xml:14:22-76
uses-permission#android.permission.ACCESS_WIFI_STATE
ADDED from Work\Tianshijie1\AndroidManifest.xml:16:5-76
	android:name
		ADDED from Work\Tianshijie1\AndroidManifest.xml:16:22-73
uses-permission#android.permission.READ_PHONE_STATE
ADDED from Work\Tianshijie1\AndroidManifest.xml:18:5-75
	android:name
		ADDED from Work\Tianshijie1\AndroidManifest.xml:18:22-72
uses-permission#android.permission.WRITE_EXTERNAL_STORAGE
ADDED from Work\Tianshijie1\AndroidManifest.xml:20:5-81
	android:name
		ADDED from Work\Tianshijie1\AndroidManifest.xml:20:22-78
uses-permission#android.permission.GET_TASKS
ADDED from Work\Tianshijie1\AndroidManifest.xml:23:5-68
	android:name
		ADDED from Work\Tianshijie1\AndroidManifest.xml:23:22-65
uses-permission#android.permission.MOUNT_UNMOUNT_FILESYSTEMS
ADDED from Work\Tianshijie1\AndroidManifest.xml:26:5-27:23
	android:name
		ADDED from Work\Tianshijie1\AndroidManifest.xml:26:22-81
uses-permission#android.permission.READ_EXTERNAL_STORAGE
ADDED from Work\Tianshijie1\AndroidManifest.xml:28:5-80
	android:name
		ADDED from Work\Tianshijie1\AndroidManifest.xml:28:22-77
uses-permission#android.permission.CALL_PHONE
ADDED from Work\Tianshijie1\AndroidManifest.xml:30:5-31:23
	android:name
		ADDED from Work\Tianshijie1\AndroidManifest.xml:30:22-66
application
ADDED from Work\Tianshijie1\AndroidManifest.xml:37:5-251:19
MERGED from [Work:actionbarsherlock:unspecified] AndroidManifest.xml:11:5-20
	android:label
		ADDED from Work\Tianshijie1\AndroidManifest.xml:41:9-41
	android:allowBackup
		ADDED from Work\Tianshijie1\AndroidManifest.xml:39:9-35
	android:icon
		ADDED from Work\Tianshijie1\AndroidManifest.xml:40:9-39
	android:theme
		ADDED from Work\Tianshijie1\AndroidManifest.xml:42:9-40
	android:name
		ADDED from Work\Tianshijie1\AndroidManifest.xml:38:9-73
meta-data#UMENG_APPKEY
ADDED from Work\Tianshijie1\AndroidManifest.xml:43:9-45:56
	android:value
		ADDED from Work\Tianshijie1\AndroidManifest.xml:45:13-53
	android:name
		ADDED from Work\Tianshijie1\AndroidManifest.xml:44:13-40
meta-data#UMENG_CHANNEL
ADDED from Work\Tianshijie1\AndroidManifest.xml:46:9-48:42
	android:value
		ADDED from Work\Tianshijie1\AndroidManifest.xml:48:13-39
	android:name
		ADDED from Work\Tianshijie1\AndroidManifest.xml:47:13-41
activity#com.umeng.socialize.view.ShareActivity
ADDED from Work\Tianshijie1\AndroidManifest.xml:52:9-58:20
	android:launchMode
		ADDED from Work\Tianshijie1\AndroidManifest.xml:55:13-44
	android:noHistory
		ADDED from Work\Tianshijie1\AndroidManifest.xml:56:13-37
	android:windowSoftInputMode
		ADDED from Work\Tianshijie1\AndroidManifest.xml:57:13-68
	android:configChanges
		ADDED from Work\Tianshijie1\AndroidManifest.xml:54:13-57
	android:name
		ADDED from Work\Tianshijie1\AndroidManifest.xml:53:13-66
activity#com.umeng.update.UpdateDialogActivity
ADDED from Work\Tianshijie1\AndroidManifest.xml:59:9-62:20
	android:theme
		ADDED from Work\Tianshijie1\AndroidManifest.xml:61:13-72
	android:name
		ADDED from Work\Tianshijie1\AndroidManifest.xml:60:13-65
activity#com.example.tianshijie1.wxapi.WXEntryActivity
ADDED from Work\Tianshijie1\AndroidManifest.xml:63:9-68:75
	android:screenOrientation
		ADDED from Work\Tianshijie1\AndroidManifest.xml:67:13-49
	android:exported
		ADDED from Work\Tianshijie1\AndroidManifest.xml:66:13-36
	android:configChanges
		ADDED from Work\Tianshijie1\AndroidManifest.xml:65:13-74
	android:theme
		ADDED from Work\Tianshijie1\AndroidManifest.xml:68:13-72
	android:name
		ADDED from Work\Tianshijie1\AndroidManifest.xml:64:13-73
service#com.umeng.update.net.DownloadingService
ADDED from Work\Tianshijie1\AndroidManifest.xml:70:9-73:19
	android:process
		ADDED from Work\Tianshijie1\AndroidManifest.xml:72:13-50
	android:name
		ADDED from Work\Tianshijie1\AndroidManifest.xml:71:13-67
activity#com.example.tianshijie1.ShanpingActivity
ADDED from Work\Tianshijie1\AndroidManifest.xml:75:9-85:20
	android:screenOrientation
		ADDED from Work\Tianshijie1\AndroidManifest.xml:78:13-49
	android:label
		ADDED from Work\Tianshijie1\AndroidManifest.xml:77:13-45
	android:theme
		ADDED from Work\Tianshijie1\AndroidManifest.xml:79:13-49
	android:name
		ADDED from Work\Tianshijie1\AndroidManifest.xml:76:13-68
intent-filter#android.intent.action.MAIN+android.intent.category.LAUNCHER
ADDED from Work\Tianshijie1\AndroidManifest.xml:80:13-84:29
action#android.intent.action.MAIN
ADDED from Work\Tianshijie1\AndroidManifest.xml:81:17-69
	android:name
		ADDED from Work\Tianshijie1\AndroidManifest.xml:81:25-66
category#android.intent.category.LAUNCHER
ADDED from Work\Tianshijie1\AndroidManifest.xml:83:17-77
	android:name
		ADDED from Work\Tianshijie1\AndroidManifest.xml:83:27-74
activity#com.example.tianshijie1.TfirstActivity
ADDED from Work\Tianshijie1\AndroidManifest.xml:86:9-90:20
	android:screenOrientation
		ADDED from Work\Tianshijie1\AndroidManifest.xml:89:13-49
	android:label
		ADDED from Work\Tianshijie1\AndroidManifest.xml:88:13-45
	android:name
		ADDED from Work\Tianshijie1\AndroidManifest.xml:87:13-66
activity#com.example.tianshijie1.MainActivity
ADDED from Work\Tianshijie1\AndroidManifest.xml:96:9-101:20
	android:screenOrientation
		ADDED from Work\Tianshijie1\AndroidManifest.xml:100:13-49
	android:label
		ADDED from Work\Tianshijie1\AndroidManifest.xml:98:13-67
	android:launchMode
		ADDED from Work\Tianshijie1\AndroidManifest.xml:99:13-44
	android:name
		ADDED from Work\Tianshijie1\AndroidManifest.xml:97:13-64
activity#com.example.tianshijie1.ChoiceIdentityActivity
ADDED from Work\Tianshijie1\AndroidManifest.xml:103:9-107:20
	android:screenOrientation
		ADDED from Work\Tianshijie1\AndroidManifest.xml:106:13-49
	android:label
		ADDED from Work\Tianshijie1\AndroidManifest.xml:105:13-58
	android:name
		ADDED from Work\Tianshijie1\AndroidManifest.xml:104:13-74
activity#com.example.tianshijie1.ZhuceActivity
ADDED from Work\Tianshijie1\AndroidManifest.xml:108:9-112:20
	android:screenOrientation
		ADDED from Work\Tianshijie1\AndroidManifest.xml:111:13-49
	android:label
		ADDED from Work\Tianshijie1\AndroidManifest.xml:110:13-57
	android:name
		ADDED from Work\Tianshijie1\AndroidManifest.xml:109:13-65
activity#com.example.tianshijie1.LoginActivity
ADDED from Work\Tianshijie1\AndroidManifest.xml:113:9-117:20
	android:screenOrientation
		ADDED from Work\Tianshijie1\AndroidManifest.xml:116:13-49
	android:label
		ADDED from Work\Tianshijie1\AndroidManifest.xml:115:13-57
	android:name
		ADDED from Work\Tianshijie1\AndroidManifest.xml:114:13-65
activity#com.example.tianshijie1.Forgetpassword1Activity
ADDED from Work\Tianshijie1\AndroidManifest.xml:118:9-122:20
	android:screenOrientation
		ADDED from Work\Tianshijie1\AndroidManifest.xml:121:13-49
	android:label
		ADDED from Work\Tianshijie1\AndroidManifest.xml:120:13-67
	android:name
		ADDED from Work\Tianshijie1\AndroidManifest.xml:119:13-75
activity#com.example.tianshijie1.ForgetPassword2Activity
ADDED from Work\Tianshijie1\AndroidManifest.xml:123:9-127:20
	android:screenOrientation
		ADDED from Work\Tianshijie1\AndroidManifest.xml:126:13-49
	android:label
		ADDED from Work\Tianshijie1\AndroidManifest.xml:125:13-68
	android:name
		ADDED from Work\Tianshijie1\AndroidManifest.xml:124:13-75
activity#com.example.tianshijie1.XiangmuListActivity
ADDED from Work\Tianshijie1\AndroidManifest.xml:128:9-132:20
	android:screenOrientation
		ADDED from Work\Tianshijie1\AndroidManifest.xml:131:13-49
	android:label
		ADDED from Work\Tianshijie1\AndroidManifest.xml:130:13-64
	android:name
		ADDED from Work\Tianshijie1\AndroidManifest.xml:129:13-71
activity#com.example.tianshijie1.XiangqingFeishitiActivity
ADDED from Work\Tianshijie1\AndroidManifest.xml:133:9-138:20
	android:screenOrientation
		ADDED from Work\Tianshijie1\AndroidManifest.xml:137:13-49
	android:label
		ADDED from Work\Tianshijie1\AndroidManifest.xml:136:13-70
	android:configChanges
		ADDED from Work\Tianshijie1\AndroidManifest.xml:135:13-63
	android:name
		ADDED from Work\Tianshijie1\AndroidManifest.xml:134:13-77
activity#com.example.tianshijie1.MineguanzhuActivity
ADDED from Work\Tianshijie1\AndroidManifest.xml:139:9-143:20
	android:screenOrientation
		ADDED from Work\Tianshijie1\AndroidManifest.xml:142:13-49
	android:label
		ADDED from Work\Tianshijie1\AndroidManifest.xml:141:13-63
	android:name
		ADDED from Work\Tianshijie1\AndroidManifest.xml:140:13-71
activity#com.example.tianshijie1.MineXinxiActivity
ADDED from Work\Tianshijie1\AndroidManifest.xml:144:9-148:20
	android:screenOrientation
		ADDED from Work\Tianshijie1\AndroidManifest.xml:147:13-49
	android:label
		ADDED from Work\Tianshijie1\AndroidManifest.xml:146:13-62
	android:name
		ADDED from Work\Tianshijie1\AndroidManifest.xml:145:13-69
activity#com.example.tianshijie1.MineXinxiChangeActivity
ADDED from Work\Tianshijie1\AndroidManifest.xml:149:9-153:20
	android:screenOrientation
		ADDED from Work\Tianshijie1\AndroidManifest.xml:152:13-49
	android:label
		ADDED from Work\Tianshijie1\AndroidManifest.xml:151:13-69
	android:name
		ADDED from Work\Tianshijie1\AndroidManifest.xml:150:13-75
activity#com.example.tianshijie1.XiangmuguanliActivity
ADDED from Work\Tianshijie1\AndroidManifest.xml:154:9-158:20
	android:screenOrientation
		ADDED from Work\Tianshijie1\AndroidManifest.xml:157:13-49
	android:label
		ADDED from Work\Tianshijie1\AndroidManifest.xml:156:13-65
	android:name
		ADDED from Work\Tianshijie1\AndroidManifest.xml:155:13-73
activity#com.example.tianshijie1.YugouRengouActivity
ADDED from Work\Tianshijie1\AndroidManifest.xml:159:9-163:20
	android:screenOrientation
		ADDED from Work\Tianshijie1\AndroidManifest.xml:162:13-49
	android:label
		ADDED from Work\Tianshijie1\AndroidManifest.xml:161:13-64
	android:name
		ADDED from Work\Tianshijie1\AndroidManifest.xml:160:13-71
activity#com.example.tianshijie1.FindActivity
ADDED from Work\Tianshijie1\AndroidManifest.xml:164:9-168:20
	android:screenOrientation
		ADDED from Work\Tianshijie1\AndroidManifest.xml:167:13-49
	android:label
		ADDED from Work\Tianshijie1\AndroidManifest.xml:166:13-56
	android:name
		ADDED from Work\Tianshijie1\AndroidManifest.xml:165:13-64
activity#com.example.tianshijie1.XiangmushitiActivity
ADDED from Work\Tianshijie1\AndroidManifest.xml:169:9-174:20
	android:screenOrientation
		ADDED from Work\Tianshijie1\AndroidManifest.xml:173:13-49
	android:label
		ADDED from Work\Tianshijie1\AndroidManifest.xml:172:13-64
	android:configChanges
		ADDED from Work\Tianshijie1\AndroidManifest.xml:171:13-63
	android:name
		ADDED from Work\Tianshijie1\AndroidManifest.xml:170:13-72
activity#com.example.tianshijie1.MineShezhiActivity
ADDED from Work\Tianshijie1\AndroidManifest.xml:175:9-179:20
	android:screenOrientation
		ADDED from Work\Tianshijie1\AndroidManifest.xml:178:13-49
	android:label
		ADDED from Work\Tianshijie1\AndroidManifest.xml:177:13-63
	android:name
		ADDED from Work\Tianshijie1\AndroidManifest.xml:176:13-70
activity#com.example.tianshijie1.MinePasswordChangeActivity
ADDED from Work\Tianshijie1\AndroidManifest.xml:180:9-184:20
	android:screenOrientation
		ADDED from Work\Tianshijie1\AndroidManifest.xml:183:13-49
	android:label
		ADDED from Work\Tianshijie1\AndroidManifest.xml:182:13-72
	android:name
		ADDED from Work\Tianshijie1\AndroidManifest.xml:181:13-78
activity#com.example.tianshijie1.MineYjfkActivity
ADDED from Work\Tianshijie1\AndroidManifest.xml:185:9-189:20
	android:screenOrientation
		ADDED from Work\Tianshijie1\AndroidManifest.xml:188:13-49
	android:label
		ADDED from Work\Tianshijie1\AndroidManifest.xml:187:13-61
	android:name
		ADDED from Work\Tianshijie1\AndroidManifest.xml:186:13-68
activity#com.example.tianshijie1.AboutusActivity
ADDED from Work\Tianshijie1\AndroidManifest.xml:190:9-194:20
	android:screenOrientation
		ADDED from Work\Tianshijie1\AndroidManifest.xml:193:13-49
	android:label
		ADDED from Work\Tianshijie1\AndroidManifest.xml:192:13-59
	android:name
		ADDED from Work\Tianshijie1\AndroidManifest.xml:191:13-67
activity#com.example.tianshijie1.WebviewActivity
ADDED from Work\Tianshijie1\AndroidManifest.xml:195:9-199:20
	android:screenOrientation
		ADDED from Work\Tianshijie1\AndroidManifest.xml:198:13-49
	android:label
		ADDED from Work\Tianshijie1\AndroidManifest.xml:197:13-59
	android:name
		ADDED from Work\Tianshijie1\AndroidManifest.xml:196:13-67
activity#com.example.tianshijie1.ZhanghuguanliActivity
ADDED from Work\Tianshijie1\AndroidManifest.xml:200:9-204:20
	android:screenOrientation
		ADDED from Work\Tianshijie1\AndroidManifest.xml:203:13-49
	android:label
		ADDED from Work\Tianshijie1\AndroidManifest.xml:202:13-65
	android:name
		ADDED from Work\Tianshijie1\AndroidManifest.xml:201:13-73
activity#com.example.tianshijie1.MyMessageActivity
ADDED from Work\Tianshijie1\AndroidManifest.xml:205:9-209:20
	android:screenOrientation
		ADDED from Work\Tianshijie1\AndroidManifest.xml:208:13-49
	android:label
		ADDED from Work\Tianshijie1\AndroidManifest.xml:207:13-62
	android:name
		ADDED from Work\Tianshijie1\AndroidManifest.xml:206:13-69
activity#com.example.tianshijie1.YuetanActivity
ADDED from Work\Tianshijie1\AndroidManifest.xml:210:9-214:20
	android:screenOrientation
		ADDED from Work\Tianshijie1\AndroidManifest.xml:213:13-49
	android:label
		ADDED from Work\Tianshijie1\AndroidManifest.xml:212:13-58
	android:name
		ADDED from Work\Tianshijie1\AndroidManifest.xml:211:13-66
activity#com.example.tianshijie1.FabuxiangmuActivity
ADDED from Work\Tianshijie1\AndroidManifest.xml:215:9-219:20
	android:screenOrientation
		ADDED from Work\Tianshijie1\AndroidManifest.xml:218:13-49
	android:label
		ADDED from Work\Tianshijie1\AndroidManifest.xml:217:13-63
	android:name
		ADDED from Work\Tianshijie1\AndroidManifest.xml:216:13-71
activity#com.example.tianshijie1.DaohangActivity
ADDED from Work\Tianshijie1\AndroidManifest.xml:220:9-224:20
	android:screenOrientation
		ADDED from Work\Tianshijie1\AndroidManifest.xml:223:13-49
	android:label
		ADDED from Work\Tianshijie1\AndroidManifest.xml:222:13-59
	android:name
		ADDED from Work\Tianshijie1\AndroidManifest.xml:221:13-67
activity#com.example.tianshijie1.CityChoiseActivity
ADDED from Work\Tianshijie1\AndroidManifest.xml:225:9-230:20
	android:screenOrientation
		ADDED from Work\Tianshijie1\AndroidManifest.xml:228:13-49
	android:label
		ADDED from Work\Tianshijie1\AndroidManifest.xml:227:13-63
	android:windowSoftInputMode
		ADDED from Work\Tianshijie1\AndroidManifest.xml:229:13-52
	android:name
		ADDED from Work\Tianshijie1\AndroidManifest.xml:226:13-70
activity#com.example.tianshijie1.PinglunActivity
ADDED from Work\Tianshijie1\AndroidManifest.xml:231:9-235:20
	android:screenOrientation
		ADDED from Work\Tianshijie1\AndroidManifest.xml:234:13-49
	android:label
		ADDED from Work\Tianshijie1\AndroidManifest.xml:233:13-59
	android:name
		ADDED from Work\Tianshijie1\AndroidManifest.xml:232:13-67
activity#com.example.tianshijie1.WebYibaoActivity
ADDED from Work\Tianshijie1\AndroidManifest.xml:236:9-240:20
	android:screenOrientation
		ADDED from Work\Tianshijie1\AndroidManifest.xml:239:13-49
	android:label
		ADDED from Work\Tianshijie1\AndroidManifest.xml:238:13-61
	android:name
		ADDED from Work\Tianshijie1\AndroidManifest.xml:237:13-68
activity#com.example.tianshijie1.IdcordChangeActivity
ADDED from Work\Tianshijie1\AndroidManifest.xml:241:9-245:20
	android:screenOrientation
		ADDED from Work\Tianshijie1\AndroidManifest.xml:244:13-49
	android:label
		ADDED from Work\Tianshijie1\AndroidManifest.xml:243:13-65
	android:name
		ADDED from Work\Tianshijie1\AndroidManifest.xml:242:13-72
activity#com.example.tianshijie1.WuwangActivity
ADDED from Work\Tianshijie1\AndroidManifest.xml:246:9-250:20
	android:screenOrientation
		ADDED from Work\Tianshijie1\AndroidManifest.xml:249:13-49
	android:label
		ADDED from Work\Tianshijie1\AndroidManifest.xml:248:13-58
	android:name
		ADDED from Work\Tianshijie1\AndroidManifest.xml:247:13-66
uses-permission#android.permission.ACCESS_FINE_LOCATION
ADDED from Work\Tianshijie1\AndroidManifest.xml:253:5-79
	android:name
		ADDED from Work\Tianshijie1\AndroidManifest.xml:253:22-76
uses-permission#android.permission.ACCESS_COARSE_LOCATION
ADDED from Work\Tianshijie1\AndroidManifest.xml:254:5-81
	android:name
		ADDED from Work\Tianshijie1\AndroidManifest.xml:254:22-78